Apr-19 13:13:54.806 [main] DEBUG nextflow.cli.Launcher - $> nextflow kuberun Nine-s/rnasplice_generated_modified_reduced_/ -r 4_nodes -c exp_4_nodes.config
Apr-19 13:13:55.154 [main] DEBUG nextflow.plugin.PluginsFacade - Setting up plugin manager > mode=prod; embedded=false; plugins-dir=/home/ninon/.nextflow/plugins; core-plugins: nf-amazon@2.4.2,nf-azure@1.6.0,nf-cloudcache@0.4.1,nf-codecommit@0.2.0,nf-console@1.1.1,nf-ga4gh@1.2.0,nf-google@1.12.0,nf-tower@1.9.0,nf-wave@1.4.0
Apr-19 13:13:55.171 [main] INFO  o.pf4j.DefaultPluginStatusProvider - Enabled plugins: []
Apr-19 13:13:55.172 [main] INFO  o.pf4j.DefaultPluginStatusProvider - Disabled plugins: []
Apr-19 13:13:55.177 [main] INFO  org.pf4j.DefaultPluginManager - PF4J version 3.10.0 in 'deployment' mode
Apr-19 13:13:55.196 [main] INFO  org.pf4j.AbstractPluginManager - No plugins
Apr-19 13:13:55.235 [main] DEBUG nextflow.scm.ProviderConfig - Using SCM config path: /home/ninon/.nextflow/scm
Apr-19 13:13:55.311 [main] DEBUG nextflow.scm.RepositoryFactory - Found Git repository result: [RepositoryFactory]
Apr-19 13:13:55.336 [main] DEBUG nextflow.scm.RepositoryProvider - Request [credentials -:-] -> https://api.github.com/repos/Nine-s/rnasplice_generated_modified_reduced_/contents/nextflow.config
Apr-19 13:13:56.312 [main] DEBUG nextflow.config.ConfigBuilder - User config file: https://github.com/Nine-s/rnasplice_generated_modified_reduced_/nextflow.config
Apr-19 13:13:56.314 [main] DEBUG nextflow.config.ConfigBuilder - User config file: /home/ninon/description_prototype/rnasplice_exp/exp_4_nodes.config
Apr-19 13:13:56.319 [main] DEBUG nextflow.config.ConfigBuilder - Parsing config file: https://github.com/Nine-s/rnasplice_generated_modified_reduced_/nextflow.config
Apr-19 13:13:56.320 [main] DEBUG nextflow.config.ConfigBuilder - Parsing config file: /home/ninon/description_prototype/rnasplice_exp/exp_4_nodes.config
Apr-19 13:13:56.360 [main] DEBUG n.secret.LocalSecretsProvider - Secrets store: /home/ninon/.nextflow/secrets/store.json
Apr-19 13:13:56.364 [main] DEBUG nextflow.secret.SecretsLoader - Discovered secrets providers: [nextflow.secret.LocalSecretsProvider@99407c2] - activable => nextflow.secret.LocalSecretsProvider@99407c2
Apr-19 13:13:56.374 [main] DEBUG nextflow.config.ConfigBuilder - Applying config profile: `standard`
Apr-19 13:13:57.476 [main] DEBUG nextflow.config.ConfigBuilder - Applying config profile: `standard`
Apr-19 13:13:57.805 [main] DEBUG nextflow.k8s.K8sConfig - Kubernetes workDir=/workspace/ninon/work; projectDir=/workspace/projects; volumeClaims=[nextflow-ninon]
Apr-19 13:13:58.047 [main] DEBUG nextflow.scm.ProviderConfig - Using SCM config path: /home/ninon/.nextflow/scm
Apr-19 13:13:58.212 [main] DEBUG nextflow.k8s.K8sDriverLauncher - Created K8s configMap with name: nf-config-96b2cc1a
Apr-19 13:13:58.336 [main] INFO  nextflow.k8s.K8sDriverLauncher - Launcher pod spec file: .nextflow.pod.yaml
Apr-19 13:14:41.865 [main] ERROR nextflow.cli.Launcher - Premature EOF
java.io.IOException: Premature EOF
	at java.base/sun.net.www.http.ChunkedInputStream.readAheadBlocking(ChunkedInputStream.java:567)
	at java.base/sun.net.www.http.ChunkedInputStream.readAhead(ChunkedInputStream.java:611)
	at java.base/sun.net.www.http.ChunkedInputStream.read(ChunkedInputStream.java:705)
	at java.base/java.io.FilterInputStream.read(FilterInputStream.java:132)
	at java.base/sun.net.www.protocol.http.HttpURLConnection$HttpInputStream.read(HttpURLConnection.java:3685)
	at java.base/sun.nio.cs.StreamDecoder.readBytes(StreamDecoder.java:270)
	at java.base/sun.nio.cs.StreamDecoder.implRead(StreamDecoder.java:313)
	at java.base/sun.nio.cs.StreamDecoder.read(StreamDecoder.java:188)
	at java.base/java.io.InputStreamReader.read(InputStreamReader.java:177)
	at java.base/java.io.BufferedReader.fill(BufferedReader.java:162)
	at java.base/java.io.BufferedReader.readLine(BufferedReader.java:329)
	at java.base/java.io.BufferedReader.readLine(BufferedReader.java:396)
	at org.codehaus.groovy.runtime.IOGroovyMethods.eachLine(IOGroovyMethods.java:453)
	at org.codehaus.groovy.runtime.IOGroovyMethods.eachLine(IOGroovyMethods.java:410)
	at org.codehaus.groovy.runtime.IOGroovyMethods.eachLine(IOGroovyMethods.java:394)
	at org.codehaus.groovy.runtime.dgm$950.doMethodInvoke(Unknown Source)
	at org.codehaus.groovy.vmplugin.v8.IndyInterface.fromCache(IndyInterface.java:321)
	at nextflow.k8s.K8sDriverLauncher.printK8sPodOutput(K8sDriverLauncher.groovy:261)
	at org.codehaus.groovy.vmplugin.v8.IndyInterface.fromCache(IndyInterface.java:321)
	at nextflow.k8s.K8sDriverLauncher.run(K8sDriverLauncher.groovy:161)
	at nextflow.cli.CmdKubeRun.run(CmdKubeRun.groovy:97)
	at nextflow.cli.Launcher.run(Launcher.groovy:500)
	at nextflow.cli.Launcher.main(Launcher.groovy:672)
